
---------------------------------------------------------
Started at 2020-01-02 23:23:16
Generating RSA private key, 4096 bit long modulus (2 primes)
........................................................................................................................................................................................................++++
..........++++
e is 65537 (0x010001)

**** Create self-signed root certificate
req: Use -help for summary.
ERROR: OpenSSL unexpected error

---------------------------------------------------------
Started at 2020-01-02 23:25:41
Generating RSA private key, 4096 bit long modulus (2 primes)
....................................................................................................................................................................................................................................................++++
.............................................++++
e is 65537 (0x010001)

**** Create self-signed root certificate
req: Use -help for summary.
ERROR: OpenSSL unexpected error

---------------------------------------------------------
Started at 2020-01-02 23:28:23
Generating RSA private key, 4096 bit long modulus (2 primes)
.....................................................................................................................................++++
..++++
e is 65537 (0x010001)

**** Create self-signed root certificate
req: Use -help for summary.
ERROR: OpenSSL unexpected error

---------------------------------------------------------
Started at 2020-01-02 23:31:00
Generating RSA private key, 4096 bit long modulus (2 primes)
...................................++++
......................++++
e is 65537 (0x010001)
./010.make-ca.sh: 1: ./010.make-ca.sh: sergey.popurey@russianpost.ru: not found

**** Create self-signed root certificate
req: Use -help for summary.
ERROR: OpenSSL unexpected error

---------------------------------------------------------
Started at 2020-01-02 23:31:45
Generating RSA private key, 4096 bit long modulus (2 primes)
..++++
......................................................................................................................++++
e is 65537 (0x010001)

**** Create self-signed root certificate
req: Use -help for summary.
ERROR: OpenSSL unexpected error

---------------------------------------------------------
Started at 2020-01-02 23:32:57
Generating RSA private key, 4096 bit long modulus (2 primes)
.....................................................................................................++++
....++++
e is 65537 (0x010001)

**** Create self-signed root certificate
req: Use -help for summary.
ERROR: OpenSSL unexpected error

---------------------------------------------------------
Started at 2020-01-02 23:34:45
Generating RSA private key, 4096 bit long modulus (2 primes)
.......................................................................++++
...................................................................................................++++
e is 65537 (0x010001)

**** Create self-signed root certificate
req: Use -help for summary.
ERROR: OpenSSL unexpected error

---------------------------------------------------------
Started at 2020-01-02 23:40:54
Generating RSA private key, 4096 bit long modulus (2 primes)
......................++++
.......................................................++++
e is 65537 (0x010001)

**** Create self-signed root certificate

**** Export P12 certificate

**** Export text certificate for curl utility
Certificate:
    Data:
        Version: 3 (0x2)
        Serial Number:
            7e:45:8b:e1:7b:00:a4:ee:4d:78:51:02:f1:fe:92:10:49:76:21:ce
        Signature Algorithm: sha256WithRSAEncryption
        Issuer: C = RU, ST = RU, L = Lipetsk, O = Russan_Post, OU = UFPS_GOCHS, CN = Lipetsk_UFPS_Certificate_Autority
        Validity
            Not Before: Jan  2 20:40:55 2020 GMT
            Not After : Dec 30 20:40:55 2029 GMT
        Subject: C = RU, ST = RU, L = Lipetsk, O = Russan_Post, OU = UFPS_GOCHS, CN = Lipetsk_UFPS_Certificate_Autority
        Subject Public Key Info:
            Public Key Algorithm: rsaEncryption
                RSA Public-Key: (4096 bit)
                Modulus:
                    00:e0:92:79:a9:48:75:56:0b:c4:0f:cd:77:ef:bc:
                    f4:a1:26:f7:e6:04:51:01:7a:87:e1:04:83:8d:32:
                    d9:eb:95:c9:69:89:58:4c:66:66:19:05:30:9f:89:
                    d4:27:10:22:d6:07:1d:db:76:7e:c7:04:f1:91:27:
                    87:e1:00:4e:f2:06:e9:e1:cc:44:68:a6:1e:b4:e8:
                    a5:96:ab:c0:b6:fb:26:ef:2b:4f:7c:9f:3a:8a:78:
                    d2:d1:90:9d:de:bc:2f:52:eb:c5:59:2f:a6:b9:d2:
                    0f:b6:32:64:75:c3:82:7c:6d:51:10:0c:fb:24:6b:
                    35:ca:1d:e0:da:02:6b:60:7f:bf:98:95:8c:3b:37:
                    ae:57:2f:74:73:2a:a4:af:a7:aa:66:82:4f:e3:c1:
                    b3:e0:db:7e:84:8a:13:05:bb:67:05:c0:23:35:cd:
                    df:68:53:db:a7:67:cb:d6:d7:c9:af:68:6b:7a:65:
                    c6:bb:a2:42:b6:11:1c:18:64:44:74:fc:fa:e6:08:
                    5c:91:fc:79:92:36:dd:ea:1d:03:e0:9d:40:23:a5:
                    91:ab:6c:6d:c2:57:6b:e1:e4:8c:21:40:ba:67:a2:
                    32:ff:13:9c:49:32:bb:f0:28:b1:33:4f:94:f6:38:
                    0c:c5:7a:c9:c3:07:63:f5:88:5a:83:0c:c9:81:ec:
                    78:5d:2e:6f:a9:6d:44:d0:b8:c1:54:ef:bf:dd:23:
                    7b:af:a5:85:1e:66:3f:ea:d4:8a:6f:40:43:0e:92:
                    f2:20:ae:60:9c:cb:f3:03:c8:1a:7a:7b:bb:0e:38:
                    38:52:8c:13:2b:21:e3:c9:73:b4:2e:4b:7c:6a:d1:
                    08:12:95:f0:d7:23:66:ff:e4:a5:30:db:d6:b6:3d:
                    b7:f7:42:2f:3d:a4:5a:7d:c5:51:8d:f4:0c:dc:15:
                    96:02:4a:8b:93:b5:08:60:79:49:10:bd:35:89:cf:
                    62:81:ba:fb:77:fb:6e:8f:ef:bb:e8:fe:d6:ff:85:
                    16:71:75:d4:ff:77:2a:60:fb:8a:99:83:97:f6:c7:
                    c8:27:b1:35:e3:a3:d1:d7:40:8e:52:7c:dd:a3:b8:
                    34:dc:a3:76:1f:0c:ef:33:34:99:19:f1:8e:38:66:
                    ec:aa:12:0f:d8:00:1b:e8:52:f7:ea:ee:a8:3d:8e:
                    5c:2d:53:22:c3:16:a1:9c:6c:44:ce:2a:5a:f9:56:
                    d5:4f:f0:53:66:72:e4:80:2e:3c:36:79:27:e5:f8:
                    b7:f8:95:6f:50:6f:b2:7e:68:f8:65:31:ff:5a:5f:
                    f5:ee:1b:ca:0f:eb:98:ca:68:40:b3:1c:6e:50:45:
                    f2:cb:4e:a8:c9:30:65:de:9e:05:c8:a5:36:72:7d:
                    b1:88:6f
                Exponent: 65537 (0x10001)
        X509v3 extensions:
            X509v3 Subject Key Identifier: 
                06:FB:89:84:04:6E:93:EF:7A:7F:06:5C:0B:39:5F:C7:8E:58:70:F3
            X509v3 Authority Key Identifier: 
                keyid:06:FB:89:84:04:6E:93:EF:7A:7F:06:5C:0B:39:5F:C7:8E:58:70:F3

            X509v3 Basic Constraints: critical
                CA:TRUE
    Signature Algorithm: sha256WithRSAEncryption
         28:ac:ab:3b:57:a3:98:79:dd:81:5a:4e:e3:6c:53:70:c5:81:
         d2:c1:63:66:b8:d6:b8:65:4c:3e:94:66:01:52:f8:c2:5e:cb:
         a9:e5:ba:71:04:6c:d7:0d:04:83:c5:af:ee:0f:dd:3e:e2:7a:
         82:40:c0:db:e6:9a:a9:d9:1f:f1:aa:74:0a:11:1b:c1:ab:68:
         43:92:f3:1e:dc:d0:08:1d:82:e0:3e:f5:ef:9e:3b:98:0a:2e:
         fd:71:75:d6:ee:fc:01:76:ac:63:bb:18:1d:92:a2:d0:98:c3:
         8e:e0:bd:55:c2:b5:c1:a8:d0:15:56:ba:03:da:36:93:36:e3:
         f5:31:33:6d:19:90:c6:53:33:26:0e:12:a2:30:72:c4:83:91:
         6a:0c:64:a3:2f:41:7e:07:40:49:71:96:60:85:c5:c3:42:3e:
         23:17:65:1b:78:dc:4e:d5:8c:d1:78:0a:15:9c:40:94:6e:a9:
         8a:03:f5:e2:6e:c4:27:07:36:da:4f:cc:46:5e:0f:c1:89:07:
         69:36:f8:10:eb:c7:ad:2b:95:7e:bd:64:b0:61:30:d3:e3:6f:
         48:6f:c8:52:f9:fc:b8:99:09:80:06:aa:13:61:c7:c1:f3:fe:
         99:59:f6:f7:d7:5a:68:25:e5:6b:1e:e7:a4:d8:2c:89:9c:a4:
         d7:4e:e6:e0:ba:94:f1:2b:85:34:57:88:81:71:e0:4c:5e:4b:
         51:0c:4e:75:dd:23:02:a0:c9:6e:54:fd:f6:82:06:bd:9f:4e:
         40:5d:96:a8:3e:38:4d:9f:f0:44:d6:da:a6:68:d7:e0:47:34:
         99:b6:1f:d4:a2:69:9d:6d:aa:92:97:9f:d2:a4:b7:a8:af:ec:
         94:e2:81:e7:11:6a:a8:76:5e:d2:8c:58:97:ad:00:39:84:99:
         40:99:30:4d:58:61:ba:57:b6:ab:2e:14:96:f5:c2:7d:2e:2e:
         ea:fa:7b:bf:1f:71:63:47:8c:d6:65:ff:a9:1f:0a:9a:66:e6:
         50:8e:f6:03:02:92:d0:5a:e2:73:15:48:42:cb:8a:23:a1:67:
         0b:f7:12:e0:15:a1:57:bf:25:62:98:3f:1b:77:e1:aa:72:23:
         69:f1:0e:69:44:2e:e0:a6:9e:df:da:1f:bd:01:f7:d5:7c:71:
         29:2c:d9:4a:d6:4a:e0:12:7d:29:05:05:6b:46:93:c1:29:38:
         61:6e:72:9d:60:03:c2:39:7e:a7:05:53:aa:91:a2:15:4f:57:
         72:2b:8f:c3:cf:e9:08:76:7c:ec:7b:7a:28:ff:8f:ca:fd:2c:
         5f:50:e7:c0:ab:42:5b:7d:39:7e:0a:8d:d9:29:e1:92:78:fd:
         62:94:31:39:0f:2b:88:88

Finished at 2020-01-02 23:40:55
